android/app/build/intermediates/manifest_merge_blame_file/release/manifest-merger-blame-release-report.txt
1<?xml version="1.0" encoding="utf-8"?>
2<manifest xmlns:android="http://schemas.android.com/apk/res/android"
3    package="com.example.raw_material"
4    android:versionCode="1"
5    android:versionName="1.0.0" >
6
7    <uses-sdk
8        android:minSdkVersion="21"
9        android:targetSdkVersion="35" />
10    <!--
11         Required to query activities that can process text, see:
12         https://developer.android.com/training/package-visibility and
13         https://developer.android.com/reference/android/content/Intent#ACTION_PROCESS_TEXT.
14
15         In particular, this is used by the Flutter engine in io.flutter.plugin.text.ProcessTextPlugin.
16    -->
17    <queries>
17-->src/main/AndroidManifest.xml:39:5-44:15
18        <intent>
18-->src/main/AndroidManifest.xml:40:9-43:18
19            <action android:name="android.intent.action.PROCESS_TEXT" />
19-->src/main/AndroidManifest.xml:41:13-72
19-->src/main/AndroidManifest.xml:41:21-70
20
21            <data android:mimeType="text/plain" />
21-->src/main/AndroidManifest.xml:42:13-50
21-->src/main/AndroidManifest.xml:42:19-48
22        </intent>
23    </queries>
24
25    <permission
25-->[androidx.core:core:1.13.1] AndroidManifest.xml:22:5-24:47
26        android:name="com.example.raw_material.DYNAMIC_RECEIVER_NOT_EXPORTED_PERMISSION"
26-->[androidx.core:core:1.13.1] AndroidManifest.xml:23:9-81
27        android:protectionLevel="signature" />
27-->[androidx.core:core:1.13.1] AndroidManifest.xml:24:9-44
28
29    <uses-permission android:name="com.example.raw_material.DYNAMIC_RECEIVER_NOT_EXPORTED_PERMISSION" />
29-->[androidx.core:core:1.13.1] AndroidManifest.xml:26:5-97
29-->[androidx.core:core:1.13.1] AndroidManifest.xml:26:22-94
30
31    <application
32        android:name="android.app.Application"
32-->src/main/AndroidManifest.xml:4:9-42
33        android:appComponentFactory="androidx.core.app.CoreComponentFactory"
33-->[androidx.core:core:1.13.1] AndroidManifest.xml:28:18-86
34        android:extractNativeLibs="true"
35        android:icon="@mipmap/ic_launcher"
35-->src/main/AndroidManifest.xml:5:9-43
36        android:label="raw_material" >
36-->src/main/AndroidManifest.xml:3:9-37
37        <activity
37-->src/main/AndroidManifest.xml:6:9-27:20
38            android:name="com.example.raw_material.MainActivity"
38-->src/main/AndroidManifest.xml:7:13-41
39            android:configChanges="orientation|keyboardHidden|keyboard|screenSize|smallestScreenSize|locale|layoutDirection|fontScale|screenLayout|density|uiMode"
39-->src/main/AndroidManifest.xml:12:13-163
40            android:exported="true"
40-->src/main/AndroidManifest.xml:8:13-36
41            android:hardwareAccelerated="true"
41-->src/main/AndroidManifest.xml:13:13-47
42            android:launchMode="singleTop"
42-->src/main/AndroidManifest.xml:9:13-43
43            android:taskAffinity=""
43-->src/main/AndroidManifest.xml:10:13-36
44            android:theme="@style/LaunchTheme"
44-->src/main/AndroidManifest.xml:11:13-47
45            android:windowSoftInputMode="adjustResize" >
45-->src/main/AndroidManifest.xml:14:13-55
46
47            <!--
48                 Specifies an Android theme to apply to this Activity as soon as
49                 the Android process has started. This theme is visible to the user
50                 while the Flutter UI initializes. After that, this theme continues
51                 to determine the Window background behind the Flutter UI.
52            -->
53            <meta-data
53-->src/main/AndroidManifest.xml:19:13-22:17
54                android:name="io.flutter.embedding.android.NormalTheme"
54-->src/main/AndroidManifest.xml:20:15-70
55                android:resource="@style/NormalTheme" />
55-->src/main/AndroidManifest.xml:21:15-52
56
57            <intent-filter>
57-->src/main/AndroidManifest.xml:23:13-26:29
58                <action android:name="android.intent.action.MAIN" />
58-->src/main/AndroidManifest.xml:24:17-68
58-->src/main/AndroidManifest.xml:24:25-66
59
60                <category android:name="android.intent.category.LAUNCHER" />
60-->src/main/AndroidManifest.xml:25:17-76
60-->src/main/AndroidManifest.xml:25:27-74
61            </intent-filter>
62        </activity>
63        <!--
64             Don't delete the meta-data below.
65             This is used by the Flutter tool to generate GeneratedPluginRegistrant.java
66        -->
67        <meta-data
67-->src/main/AndroidManifest.xml:30:9-32:33
68            android:name="flutterEmbedding"
68-->src/main/AndroidManifest.xml:31:13-44
69            android:value="2" />
69-->src/main/AndroidManifest.xml:32:13-30
70
71        <uses-library
71-->[androidx.window:window:1.2.0] AndroidManifest.xml:23:9-25:40
72            android:name="androidx.window.extensions"
72-->[androidx.window:window:1.2.0] AndroidManifest.xml:24:13-54
73            android:required="false" />
73-->[androidx.window:window:1.2.0] AndroidManifest.xml:25:13-37
74        <uses-library
74-->[androidx.window:window:1.2.0] AndroidManifest.xml:26:9-28:40
75            android:name="androidx.window.sidecar"
75-->[androidx.window:window:1.2.0] AndroidManifest.xml:27:13-51
76            android:required="false" />
76-->[androidx.window:window:1.2.0] AndroidManifest.xml:28:13-37
77
78        <provider
78-->[androidx.lifecycle:lifecycle-process:2.7.0] AndroidManifest.xml:24:9-32:20
79            android:name="androidx.startup.InitializationProvider"
79-->[androidx.lifecycle:lifecycle-process:2.7.0] AndroidManifest.xml:25:13-67
80            android:authorities="com.example.raw_material.androidx-startup"
80-->[androidx.lifecycle:lifecycle-process:2.7.0] AndroidManifest.xml:26:13-68
81            android:exported="false" >
81-->[androidx.lifecycle:lifecycle-process:2.7.0] AndroidManifest.xml:27:13-37
82            <meta-data
82-->[androidx.lifecycle:lifecycle-process:2.7.0] AndroidManifest.xml:29:13-31:52
83                android:name="androidx.lifecycle.ProcessLifecycleInitializer"
83-->[androidx.lifecycle:lifecycle-process:2.7.0] AndroidManifest.xml:30:17-78
84                android:value="androidx.startup" />
84-->[androidx.lifecycle:lifecycle-process:2.7.0] AndroidManifest.xml:31:17-49
85            <meta-data
85-->[androidx.profileinstaller:profileinstaller:1.3.1] AndroidManifest.xml:29:13-31:52
86                android:name="androidx.profileinstaller.ProfileInstallerInitializer"
86-->[androidx.profileinstaller:profileinstaller:1.3.1] AndroidManifest.xml:30:17-85
87                android:value="androidx.startup" />
87-->[androidx.profileinstaller:profileinstaller:1.3.1] AndroidManifest.xml:31:17-49
88        </provider>
89
90        <receiver
90-->[androidx.profileinstaller:profileinstaller:1.3.1] AndroidManifest.xml:34:9-52:20
91            android:name="androidx.profileinstaller.ProfileInstallReceiver"
91-->[androidx.profileinstaller:profileinstaller:1.3.1] AndroidManifest.xml:35:13-76
92            android:directBootAware="false"
92-->[androidx.profileinstaller:profileinstaller:1.3.1] AndroidManifest.xml:36:13-44
93            android:enabled="true"
93-->[androidx.profileinstaller:profileinstaller:1.3.1] AndroidManifest.xml:37:13-35
94            android:exported="true"
94-->[androidx.profileinstaller:profileinstaller:1.3.1] AndroidManifest.xml:38:13-36
95            android:permission="android.permission.DUMP" >
95-->[androidx.profileinstaller:profileinstaller:1.3.1] AndroidManifest.xml:39:13-57
96            <intent-filter>
96-->[androidx.profileinstaller:profileinstaller:1.3.1] AndroidManifest.xml:40:13-42:29
97                <action android:name="androidx.profileinstaller.action.INSTALL_PROFILE" />
97-->[androidx.profileinstaller:profileinstaller:1.3.1] AndroidManifest.xml:41:17-91
97-->[androidx.profileinstaller:profileinstaller:1.3.1] AndroidManifest.xml:41:25-88
98            </intent-filter>
99            <intent-filter>
99-->[androidx.profileinstaller:profileinstaller:1.3.1] AndroidManifest.xml:43:13-45:29
100                <action android:name="androidx.profileinstaller.action.SKIP_FILE" />
100-->[androidx.profileinstaller:profileinstaller:1.3.1] AndroidManifest.xml:44:17-85
100-->[androidx.profileinstaller:profileinstaller:1.3.1] AndroidManifest.xml:44:25-82
101            </intent-filter>
102            <intent-filter>
102-->[androidx.profileinstaller:profileinstaller:1.3.1] AndroidManifest.xml:46:13-48:29
103                <action android:name="androidx.profileinstaller.action.SAVE_PROFILE" />
103-->[androidx.profileinstaller:profileinstaller:1.3.1] AndroidManifest.xml:47:17-88
103-->[androidx.profileinstaller:profileinstaller:1.3.1] AndroidManifest.xml:47:25-85
104            </intent-filter>
105            <intent-filter>
105-->[androidx.profileinstaller:profileinstaller:1.3.1] AndroidManifest.xml:49:13-51:29
106                <action android:name="androidx.profileinstaller.action.BENCHMARK_OPERATION" />
106-->[androidx.profileinstaller:profileinstaller:1.3.1] AndroidManifest.xml:50:17-95
106-->[androidx.profileinstaller:profileinstaller:1.3.1] AndroidManifest.xml:50:25-92
107            </intent-filter>
108        </receiver>
109    </application>
110
111</manifest>